<?xml version="1.0" encoding="UTF-8"?>
<!-- Generated by org.testng.reporters.JUnitXMLReporter -->
<testsuite hostname="LAPTOP-IIS64SBI" ignored="0" name="Test" tests="8" failures="0" timestamp="2021-03-28T12:08:29 IST" time="56.154" errors="0">
  <testcase name="Create_Lead" time="12.638" classname="testcases.CreateLead"/>
  <testcase name="DeleteLead_Execution" time="15.488" classname="testcases.DeleteLead"/>
  <testcase name="EditLeadTC" time="19.464" classname="testcases.EditLead"/>
  <testcase name="Duplicate_LeadExecution" time="20.879" classname="testcases.DuplicateLead"/>
  <testcase name="Create_Lead" time="7.902" classname="testcases.CreateLead"/>
  <testcase name="Create_Lead" time="4.799" classname="testcases.CreateLead"/>
  <testcase name="Create_Lead" time="5.633" classname="testcases.CreateLead"/>
  <testcase name="Create_Lead" time="6.232" classname="testcases.CreateLead"/>
</testsuite> <!-- Test -->
